<?xml version="1.0" encoding="UTF-8"?>
<!-- Generated by org.testng.reporters.JUnitXMLReporter -->
<testsuite hostname="DESKTOP-A7KAQ4I" ignored="0" name="Command line test" tests="3" failures="0" timestamp="28 Dec 2021 07:02:21 GMT" time="56.315" errors="0">
  <testcase name="loginwithvalidDetails" time="5.21" classname="qaclickacademymaven.MavenJava.Selenium2Test"/>
  <testcase name="loginwithvalidDetails" time="4.041" classname="qaclickacademymaven.MavenJava.Selenium3Test"/>
  <testcase name="loginwithvalidDetails" time="2.833" classname="qaclickacademymaven.MavenJava.SeleniumTest"/>
</testsuite> <!-- Command line test -->
