<?xml version="1.0" encoding="UTF-8"?>
<testng-results ignored="0" total="1" passed="1" failed="0" skipped="0">
  <reporter-output>
  </reporter-output>
  <suite started-at="2021-12-25T07:44:37Z" name="Default suite" finished-at="2021-12-25T07:44:46Z" duration-ms="9740">
    <groups>
    </groups>
    <test started-at="2021-12-25T07:44:37Z" name="Default test" finished-at="2021-12-25T07:44:46Z" duration-ms="9740">
      <class name="qaclickacademymaven.MavenJava.Selenium2Test">
        <test-method is-config="true" signature="openBrowser()[pri:0, instance:qaclickacademymaven.MavenJava.Selenium2Test@4eaf3684]" started-at="2021-12-25T07:44:34Z" name="openBrowser" finished-at="2021-12-25T07:44:37Z" duration-ms="2973" status="PASS">
          <reporter-output>
          </reporter-output>
        </test-method> <!-- openBrowser -->
        <test-method is-config="true" signature="enterApplicationUrl()[pri:0, instance:qaclickacademymaven.MavenJava.Selenium2Test@4eaf3684]" started-at="2021-12-25T07:44:37Z" name="enterApplicationUrl" finished-at="2021-12-25T07:44:44Z" duration-ms="6939" status="PASS">
          <reporter-output>
          </reporter-output>
        </test-method> <!-- enterApplicationUrl -->
        <test-method signature="loginwithvalidDetails()[pri:0, instance:qaclickacademymaven.MavenJava.Selenium2Test@4eaf3684]" started-at="2021-12-25T07:44:44Z" name="loginwithvalidDetails" finished-at="2021-12-25T07:44:46Z" duration-ms="2765" status="PASS">
          <reporter-output>
          </reporter-output>
        </test-method> <!-- loginwithvalidDetails -->
      </class> <!-- qaclickacademymaven.MavenJava.Selenium2Test -->
    </test> <!-- Default test -->
  </suite> <!-- Default suite -->
</testng-results>
